2025/8/3-14:56:45.77 [info]: {
  "event": "REQUEST_END",
  "timestamp": "2025/8/3-14:56:45.46",
  "method": "GET",
  "url": "/api/config",
  "status": 200,
  "duration": "309ms",
  "ip": "::1",
  "userAgent": "Mozilla/5.0 (Windows NT 10.0; Win64; x64) AppleWebKit/537.36 (KHTML, like Gecko) Chrome/138.0.0.0 Safari/537.36"
}
2025/8/3-14:56:46.05 [info]: {
  "event": "REQUEST_END",
  "timestamp": "2025/8/3-14:56:45.97",
  "method": "GET",
  "url": "/api/config",
  "status": 200,
  "duration": "74ms",
  "ip": "::1",
  "userAgent": "Mozilla/5.0 (Windows NT 10.0; Win64; x64) AppleWebKit/537.36 (KHTML, like Gecko) Chrome/138.0.0.0 Safari/537.36"
}
2025/8/3-14:56:46.16 [info]: {
  "event": "REQUEST_END",
  "timestamp": "2025/8/3-14:56:46.03",
  "method": "GET",
  "url": "/api/projects?limit=6&featured=true",
  "status": 200,
  "duration": "124ms",
  "ip": "::1",
  "userAgent": "Mozilla/5.0 (Windows NT 10.0; Win64; x64) AppleWebKit/537.36 (KHTML, like Gecko) Chrome/138.0.0.0 Safari/537.36"
}
2025/8/3-14:56:46.17 [info]: {
  "event": "REQUEST_END",
  "timestamp": "2025/8/3-14:56:46.03",
  "method": "GET",
  "url": "/api/typewriter-texts",
  "status": 200,
  "duration": "137ms",
  "ip": "::1",
  "userAgent": "Mozilla/5.0 (Windows NT 10.0; Win64; x64) AppleWebKit/537.36 (KHTML, like Gecko) Chrome/138.0.0.0 Safari/537.36"
}
2025/8/3-14:56:46.20 [info]: {
  "event": "REQUEST_END",
  "timestamp": "2025/8/3-14:56:46.04",
  "method": "GET",
  "url": "/api/tech-stack",
  "status": 200,
  "duration": "156ms",
  "ip": "::1",
  "userAgent": "Mozilla/5.0 (Windows NT 10.0; Win64; x64) AppleWebKit/537.36 (KHTML, like Gecko) Chrome/138.0.0.0 Safari/537.36"
}
2025/8/3-14:56:46.23 [info]: {
  "event": "REQUEST_END",
  "timestamp": "2025/8/3-14:56:46.04",
  "method": "GET",
  "url": "/api/blogs?page=1&limit=2",
  "status": 200,
  "duration": "196ms",
  "ip": "::1",
  "userAgent": "Mozilla/5.0 (Windows NT 10.0; Win64; x64) AppleWebKit/537.36 (KHTML, like Gecko) Chrome/138.0.0.0 Safari/537.36"
}
2025/8/3-09:32:44.55 [info]: {
  "event": "REQUEST_END",
  "timestamp": "2025/8/3-09:32:44.51",
  "method": "GET",
  "url": "/api/health",
  "status": 200,
  "duration": "33ms",
  "ip": "::1",
  "userAgent": "curl/8.14.1"
}
2025/8/3-09:33:36.79 [info]: {
  "event": "REQUEST_END",
  "timestamp": "2025/8/3-09:33:36.79",
  "method": "GET",
  "url": "/health",
  "status": 200,
  "duration": "6ms",
  "ip": "::ffff:172.18.0.1",
  "userAgent": "Mozilla/5.0 (Windows NT 10.0; Win64; x64) AppleWebKit/537.36 (KHTML, like Gecko) Chrome/138.0.0.0 Safari/537.36"
}
2025/8/3-09:33:36.85 [info]: {
  "event": "REQUEST_END",
  "timestamp": "2025/8/3-09:33:36.85",
  "method": "GET",
  "url": "/favicon.ico",
  "status": 304,
  "duration": "1ms",
  "ip": "::ffff:172.18.0.1",
  "userAgent": "Mozilla/5.0 (Windows NT 10.0; Win64; x64) AppleWebKit/537.36 (KHTML, like Gecko) Chrome/138.0.0.0 Safari/537.36"
}
2025/8/3-09:33:38.32 [info]: {
  "event": "REQUEST_END",
  "timestamp": "2025/8/3-09:33:38.32",
  "method": "GET",
  "url": "/health",
  "status": 200,
  "duration": "2ms",
  "ip": "::ffff:172.18.0.1",
  "userAgent": "Mozilla/5.0 (Windows NT 10.0; Win64; x64) AppleWebKit/537.36 (KHTML, like Gecko) Chrome/138.0.0.0 Safari/537.36"
}
2025/8/3-09:33:38.34 [info]: {
  "event": "REQUEST_END",
  "timestamp": "2025/8/3-09:33:38.33",
  "method": "GET",
  "url": "/favicon.ico",
  "status": 304,
  "duration": "1ms",
  "ip": "::ffff:172.18.0.1",
  "userAgent": "Mozilla/5.0 (Windows NT 10.0; Win64; x64) AppleWebKit/537.36 (KHTML, like Gecko) Chrome/138.0.0.0 Safari/537.36"
}
2025/8/3-09:33:38.84 [info]: {
  "event": "REQUEST_END",
  "timestamp": "2025/8/3-09:33:38.84",
  "method": "GET",
  "url": "/health",
  "status": 200,
  "duration": "3ms",
  "ip": "::ffff:172.18.0.1",
  "userAgent": "Mozilla/5.0 (Windows NT 10.0; Win64; x64) AppleWebKit/537.36 (KHTML, like Gecko) Chrome/138.0.0.0 Safari/537.36"
}
2025/8/3-09:33:38.87 [info]: {
  "event": "REQUEST_END",
  "timestamp": "2025/8/3-09:33:38.87",
  "method": "GET",
  "url": "/favicon.ico",
  "status": 304,
  "duration": "2ms",
  "ip": "::ffff:172.18.0.1",
  "userAgent": "Mozilla/5.0 (Windows NT 10.0; Win64; x64) AppleWebKit/537.36 (KHTML, like Gecko) Chrome/138.0.0.0 Safari/537.36"
}
2025/8/3-09:33:39.15 [info]: {
  "event": "REQUEST_END",
  "timestamp": "2025/8/3-09:33:39.15",
  "method": "GET",
  "url": "/health",
  "status": 200,
  "duration": "2ms",
  "ip": "::ffff:172.18.0.1",
  "userAgent": "Mozilla/5.0 (Windows NT 10.0; Win64; x64) AppleWebKit/537.36 (KHTML, like Gecko) Chrome/138.0.0.0 Safari/537.36"
}
2025/8/3-09:33:39.16 [info]: {
  "event": "REQUEST_END",
  "timestamp": "2025/8/3-09:33:39.16",
  "method": "GET",
  "url": "/favicon.ico",
  "status": 304,
  "duration": "1ms",
  "ip": "::ffff:172.18.0.1",
  "userAgent": "Mozilla/5.0 (Windows NT 10.0; Win64; x64) AppleWebKit/537.36 (KHTML, like Gecko) Chrome/138.0.0.0 Safari/537.36"
}
2025/8/3-09:33:39.35 [info]: {
  "event": "REQUEST_END",
  "timestamp": "2025/8/3-09:33:39.34",
  "method": "GET",
  "url": "/health",
  "status": 200,
  "duration": "2ms",
  "ip": "::ffff:172.18.0.1",
  "userAgent": "Mozilla/5.0 (Windows NT 10.0; Win64; x64) AppleWebKit/537.36 (KHTML, like Gecko) Chrome/138.0.0.0 Safari/537.36"
}
2025/8/3-09:33:39.38 [info]: {
  "event": "REQUEST_END",
  "timestamp": "2025/8/3-09:33:39.37",
  "method": "GET",
  "url": "/favicon.ico",
  "status": 304,
  "duration": "1ms",
  "ip": "::ffff:172.18.0.1",
  "userAgent": "Mozilla/5.0 (Windows NT 10.0; Win64; x64) AppleWebKit/537.36 (KHTML, like Gecko) Chrome/138.0.0.0 Safari/537.36"
}
2025/8/3-09:33:39.54 [info]: {
  "event": "REQUEST_END",
  "timestamp": "2025/8/3-09:33:39.53",
  "method": "GET",
  "url": "/health",
  "status": 200,
  "duration": "2ms",
  "ip": "::ffff:172.18.0.1",
  "userAgent": "Mozilla/5.0 (Windows NT 10.0; Win64; x64) AppleWebKit/537.36 (KHTML, like Gecko) Chrome/138.0.0.0 Safari/537.36"
}
2025/8/3-09:33:39.55 [info]: {
  "event": "REQUEST_END",
  "timestamp": "2025/8/3-09:33:39.55",
  "method": "GET",
  "url": "/favicon.ico",
  "status": 304,
  "duration": "1ms",
  "ip": "::ffff:172.18.0.1",
  "userAgent": "Mozilla/5.0 (Windows NT 10.0; Win64; x64) AppleWebKit/537.36 (KHTML, like Gecko) Chrome/138.0.0.0 Safari/537.36"
}
2025/8/3-09:33:39.73 [info]: {
  "event": "REQUEST_END",
  "timestamp": "2025/8/3-09:33:39.73",
  "method": "GET",
  "url": "/health",
  "status": 200,
  "duration": "2ms",
  "ip": "::ffff:172.18.0.1",
  "userAgent": "Mozilla/5.0 (Windows NT 10.0; Win64; x64) AppleWebKit/537.36 (KHTML, like Gecko) Chrome/138.0.0.0 Safari/537.36"
}
2025/8/3-09:33:39.75 [info]: {
  "event": "REQUEST_END",
  "timestamp": "2025/8/3-09:33:39.75",
  "method": "GET",
  "url": "/favicon.ico",
  "status": 304,
  "duration": "1ms",
  "ip": "::ffff:172.18.0.1",
  "userAgent": "Mozilla/5.0 (Windows NT 10.0; Win64; x64) AppleWebKit/537.36 (KHTML, like Gecko) Chrome/138.0.0.0 Safari/537.36"
}
2025/8/3-09:33:39.90 [info]: {
  "event": "REQUEST_END",
  "timestamp": "2025/8/3-09:33:39.89",
  "method": "GET",
  "url": "/health",
  "status": 200,
  "duration": "2ms",
  "ip": "::ffff:172.18.0.1",
  "userAgent": "Mozilla/5.0 (Windows NT 10.0; Win64; x64) AppleWebKit/537.36 (KHTML, like Gecko) Chrome/138.0.0.0 Safari/537.36"
}
2025/8/3-09:33:39.91 [info]: {
  "event": "REQUEST_END",
  "timestamp": "2025/8/3-09:33:39.91",
  "method": "GET",
  "url": "/favicon.ico",
  "status": 304,
  "duration": "1ms",
  "ip": "::ffff:172.18.0.1",
  "userAgent": "Mozilla/5.0 (Windows NT 10.0; Win64; x64) AppleWebKit/537.36 (KHTML, like Gecko) Chrome/138.0.0.0 Safari/537.36"
}
2025/8/3-09:33:40.06 [info]: {
  "event": "REQUEST_END",
  "timestamp": "2025/8/3-09:33:40.06",
  "method": "GET",
  "url": "/health",
  "status": 200,
  "duration": "2ms",
  "ip": "::ffff:172.18.0.1",
  "userAgent": "Mozilla/5.0 (Windows NT 10.0; Win64; x64) AppleWebKit/537.36 (KHTML, like Gecko) Chrome/138.0.0.0 Safari/537.36"
}
2025/8/3-09:33:40.09 [info]: {
  "event": "REQUEST_END",
  "timestamp": "2025/8/3-09:33:40.09",
  "method": "GET",
  "url": "/favicon.ico",
  "status": 304,
  "duration": "1ms",
  "ip": "::ffff:172.18.0.1",
  "userAgent": "Mozilla/5.0 (Windows NT 10.0; Win64; x64) AppleWebKit/537.36 (KHTML, like Gecko) Chrome/138.0.0.0 Safari/537.36"
}
2025/8/3-09:33:40.23 [info]: {
  "event": "REQUEST_END",
  "timestamp": "2025/8/3-09:33:40.23",
  "method": "GET",
  "url": "/health",
  "status": 200,
  "duration": "2ms",
  "ip": "::ffff:172.18.0.1",
  "userAgent": "Mozilla/5.0 (Windows NT 10.0; Win64; x64) AppleWebKit/537.36 (KHTML, like Gecko) Chrome/138.0.0.0 Safari/537.36"
}
2025/8/3-09:33:40.24 [info]: {
  "event": "REQUEST_END",
  "timestamp": "2025/8/3-09:33:40.24",
  "method": "GET",
  "url": "/favicon.ico",
  "status": 304,
  "duration": "1ms",
  "ip": "::ffff:172.18.0.1",
  "userAgent": "Mozilla/5.0 (Windows NT 10.0; Win64; x64) AppleWebKit/537.36 (KHTML, like Gecko) Chrome/138.0.0.0 Safari/537.36"
}
2025/8/3-09:33:40.41 [info]: {
  "event": "REQUEST_END",
  "timestamp": "2025/8/3-09:33:40.41",
  "method": "GET",
  "url": "/health",
  "status": 200,
  "duration": "2ms",
  "ip": "::ffff:172.18.0.1",
  "userAgent": "Mozilla/5.0 (Windows NT 10.0; Win64; x64) AppleWebKit/537.36 (KHTML, like Gecko) Chrome/138.0.0.0 Safari/537.36"
}
2025/8/3-09:33:40.43 [info]: {
  "event": "REQUEST_END",
  "timestamp": "2025/8/3-09:33:40.43",
  "method": "GET",
  "url": "/favicon.ico",
  "status": 304,
  "duration": "0ms",
  "ip": "::ffff:172.18.0.1",
  "userAgent": "Mozilla/5.0 (Windows NT 10.0; Win64; x64) AppleWebKit/537.36 (KHTML, like Gecko) Chrome/138.0.0.0 Safari/537.36"
}
2025/8/3-09:33:40.59 [info]: {
  "event": "REQUEST_END",
  "timestamp": "2025/8/3-09:33:40.59",
  "method": "GET",
  "url": "/health",
  "status": 200,
  "duration": "2ms",
  "ip": "::ffff:172.18.0.1",
  "userAgent": "Mozilla/5.0 (Windows NT 10.0; Win64; x64) AppleWebKit/537.36 (KHTML, like Gecko) Chrome/138.0.0.0 Safari/537.36"
}
2025/8/3-09:33:40.60 [info]: {
  "event": "REQUEST_END",
  "timestamp": "2025/8/3-09:33:40.60",
  "method": "GET",
  "url": "/favicon.ico",
  "status": 304,
  "duration": "1ms",
  "ip": "::ffff:172.18.0.1",
  "userAgent": "Mozilla/5.0 (Windows NT 10.0; Win64; x64) AppleWebKit/537.36 (KHTML, like Gecko) Chrome/138.0.0.0 Safari/537.36"
}
2025/8/3-09:33:40.77 [info]: {
  "event": "REQUEST_END",
  "timestamp": "2025/8/3-09:33:40.77",
  "method": "GET",
  "url": "/health",
  "status": 200,
  "duration": "2ms",
  "ip": "::ffff:172.18.0.1",
  "userAgent": "Mozilla/5.0 (Windows NT 10.0; Win64; x64) AppleWebKit/537.36 (KHTML, like Gecko) Chrome/138.0.0.0 Safari/537.36"
}
2025/8/3-09:33:40.80 [info]: {
  "event": "REQUEST_END",
  "timestamp": "2025/8/3-09:33:40.80",
  "method": "GET",
  "url": "/favicon.ico",
  "status": 304,
  "duration": "0ms",
  "ip": "::ffff:172.18.0.1",
  "userAgent": "Mozilla/5.0 (Windows NT 10.0; Win64; x64) AppleWebKit/537.36 (KHTML, like Gecko) Chrome/138.0.0.0 Safari/537.36"
}
2025/8/3-09:33:40.95 [info]: {
  "event": "REQUEST_END",
  "timestamp": "2025/8/3-09:33:40.95",
  "method": "GET",
  "url": "/health",
  "status": 200,
  "duration": "2ms",
  "ip": "::ffff:172.18.0.1",
  "userAgent": "Mozilla/5.0 (Windows NT 10.0; Win64; x64) AppleWebKit/537.36 (KHTML, like Gecko) Chrome/138.0.0.0 Safari/537.36"
}
2025/8/3-09:33:40.96 [info]: {
  "event": "REQUEST_END",
  "timestamp": "2025/8/3-09:33:40.96",
  "method": "GET",
  "url": "/favicon.ico",
  "status": 304,
  "duration": "1ms",
  "ip": "::ffff:172.18.0.1",
  "userAgent": "Mozilla/5.0 (Windows NT 10.0; Win64; x64) AppleWebKit/537.36 (KHTML, like Gecko) Chrome/138.0.0.0 Safari/537.36"
}
2025/8/3-09:33:41.13 [info]: {
  "event": "REQUEST_END",
  "timestamp": "2025/8/3-09:33:41.13",
  "method": "GET",
  "url": "/health",
  "status": 200,
  "duration": "1ms",
  "ip": "::ffff:172.18.0.1",
  "userAgent": "Mozilla/5.0 (Windows NT 10.0; Win64; x64) AppleWebKit/537.36 (KHTML, like Gecko) Chrome/138.0.0.0 Safari/537.36"
}
2025/8/3-09:33:41.16 [info]: {
  "event": "REQUEST_END",
  "timestamp": "2025/8/3-09:33:41.16",
  "method": "GET",
  "url": "/favicon.ico",
  "status": 304,
  "duration": "1ms",
  "ip": "::ffff:172.18.0.1",
  "userAgent": "Mozilla/5.0 (Windows NT 10.0; Win64; x64) AppleWebKit/537.36 (KHTML, like Gecko) Chrome/138.0.0.0 Safari/537.36"
}
2025/8/3-09:33:41.32 [info]: {
  "event": "REQUEST_END",
  "timestamp": "2025/8/3-09:33:41.31",
  "method": "GET",
  "url": "/health",
  "status": 200,
  "duration": "1ms",
  "ip": "::ffff:172.18.0.1",
  "userAgent": "Mozilla/5.0 (Windows NT 10.0; Win64; x64) AppleWebKit/537.36 (KHTML, like Gecko) Chrome/138.0.0.0 Safari/537.36"
}
2025/8/3-09:33:41.33 [info]: {
  "event": "REQUEST_END",
  "timestamp": "2025/8/3-09:33:41.33",
  "method": "GET",
  "url": "/favicon.ico",
  "status": 304,
  "duration": "0ms",
  "ip": "::ffff:172.18.0.1",
  "userAgent": "Mozilla/5.0 (Windows NT 10.0; Win64; x64) AppleWebKit/537.36 (KHTML, like Gecko) Chrome/138.0.0.0 Safari/537.36"
}
2025/8/3-09:33:41.49 [info]: {
  "event": "REQUEST_END",
  "timestamp": "2025/8/3-09:33:41.49",
  "method": "GET",
  "url": "/health",
  "status": 200,
  "duration": "2ms",
  "ip": "::ffff:172.18.0.1",
  "userAgent": "Mozilla/5.0 (Windows NT 10.0; Win64; x64) AppleWebKit/537.36 (KHTML, like Gecko) Chrome/138.0.0.0 Safari/537.36"
}
2025/8/3-09:33:41.52 [info]: {
  "event": "REQUEST_END",
  "timestamp": "2025/8/3-09:33:41.52",
  "method": "GET",
  "url": "/favicon.ico",
  "status": 304,
  "duration": "0ms",
  "ip": "::ffff:172.18.0.1",
  "userAgent": "Mozilla/5.0 (Windows NT 10.0; Win64; x64) AppleWebKit/537.36 (KHTML, like Gecko) Chrome/138.0.0.0 Safari/537.36"
}
2025/8/3-09:33:41.67 [info]: {
  "event": "REQUEST_END",
  "timestamp": "2025/8/3-09:33:41.66",
  "method": "GET",
  "url": "/health",
  "status": 200,
  "duration": "2ms",
  "ip": "::ffff:172.18.0.1",
  "userAgent": "Mozilla/5.0 (Windows NT 10.0; Win64; x64) AppleWebKit/537.36 (KHTML, like Gecko) Chrome/138.0.0.0 Safari/537.36"
}
2025/8/3-09:33:41.68 [info]: {
  "event": "REQUEST_END",
  "timestamp": "2025/8/3-09:33:41.68",
  "method": "GET",
  "url": "/favicon.ico",
  "status": 304,
  "duration": "1ms",
  "ip": "::ffff:172.18.0.1",
  "userAgent": "Mozilla/5.0 (Windows NT 10.0; Win64; x64) AppleWebKit/537.36 (KHTML, like Gecko) Chrome/138.0.0.0 Safari/537.36"
}
2025/8/3-09:33:41.83 [info]: {
  "event": "REQUEST_END",
  "timestamp": "2025/8/3-09:33:41.83",
  "method": "GET",
  "url": "/health",
  "status": 200,
  "duration": "2ms",
  "ip": "::ffff:172.18.0.1",
  "userAgent": "Mozilla/5.0 (Windows NT 10.0; Win64; x64) AppleWebKit/537.36 (KHTML, like Gecko) Chrome/138.0.0.0 Safari/537.36"
}
2025/8/3-09:33:41.86 [info]: {
  "event": "REQUEST_END",
  "timestamp": "2025/8/3-09:33:41.86",
  "method": "GET",
  "url": "/favicon.ico",
  "status": 304,
  "duration": "1ms",
  "ip": "::ffff:172.18.0.1",
  "userAgent": "Mozilla/5.0 (Windows NT 10.0; Win64; x64) AppleWebKit/537.36 (KHTML, like Gecko) Chrome/138.0.0.0 Safari/537.36"
}
2025/8/3-09:33:42.01 [info]: {
  "event": "REQUEST_END",
  "timestamp": "2025/8/3-09:33:42.01",
  "method": "GET",
  "url": "/health",
  "status": 200,
  "duration": "2ms",
  "ip": "::ffff:172.18.0.1",
  "userAgent": "Mozilla/5.0 (Windows NT 10.0; Win64; x64) AppleWebKit/537.36 (KHTML, like Gecko) Chrome/138.0.0.0 Safari/537.36"
}
2025/8/3-09:33:42.04 [info]: {
  "event": "REQUEST_END",
  "timestamp": "2025/8/3-09:33:42.04",
  "method": "GET",
  "url": "/favicon.ico",
  "status": 304,
  "duration": "1ms",
  "ip": "::ffff:172.18.0.1",
  "userAgent": "Mozilla/5.0 (Windows NT 10.0; Win64; x64) AppleWebKit/537.36 (KHTML, like Gecko) Chrome/138.0.0.0 Safari/537.36"
}
2025/8/3-09:33:42.26 [info]: {
  "event": "REQUEST_END",
  "timestamp": "2025/8/3-09:33:42.26",
  "method": "GET",
  "url": "/health",
  "status": 200,
  "duration": "3ms",
  "ip": "::ffff:172.18.0.1",
  "userAgent": "Mozilla/5.0 (Windows NT 10.0; Win64; x64) AppleWebKit/537.36 (KHTML, like Gecko) Chrome/138.0.0.0 Safari/537.36"
}
2025/8/3-09:33:42.30 [info]: {
  "event": "REQUEST_END",
  "timestamp": "2025/8/3-09:33:42.30",
  "method": "GET",
  "url": "/favicon.ico",
  "status": 304,
  "duration": "1ms",
  "ip": "::ffff:172.18.0.1",
  "userAgent": "Mozilla/5.0 (Windows NT 10.0; Win64; x64) AppleWebKit/537.36 (KHTML, like Gecko) Chrome/138.0.0.0 Safari/537.36"
}
2025/8/3-09:33:42.35 [info]: {
  "event": "REQUEST_END",
  "timestamp": "2025/8/3-09:33:42.35",
  "method": "GET",
  "url": "/health",
  "status": 200,
  "duration": "3ms",
  "ip": "::ffff:172.18.0.1",
  "userAgent": "Mozilla/5.0 (Windows NT 10.0; Win64; x64) AppleWebKit/537.36 (KHTML, like Gecko) Chrome/138.0.0.0 Safari/537.36"
}
2025/8/3-09:33:42.36 [info]: {
  "event": "REQUEST_END",
  "timestamp": "2025/8/3-09:33:42.36",
  "method": "GET",
  "url": "/favicon.ico",
  "status": 304,
  "duration": "0ms",
  "ip": "::ffff:172.18.0.1",
  "userAgent": "Mozilla/5.0 (Windows NT 10.0; Win64; x64) AppleWebKit/537.36 (KHTML, like Gecko) Chrome/138.0.0.0 Safari/537.36"
}
2025/8/3-09:33:42.51 [info]: {
  "event": "REQUEST_END",
  "timestamp": "2025/8/3-09:33:42.51",
  "method": "GET",
  "url": "/health",
  "status": 200,
  "duration": "2ms",
  "ip": "::ffff:172.18.0.1",
  "userAgent": "Mozilla/5.0 (Windows NT 10.0; Win64; x64) AppleWebKit/537.36 (KHTML, like Gecko) Chrome/138.0.0.0 Safari/537.36"
}
2025/8/3-09:33:42.52 [info]: {
  "event": "REQUEST_END",
  "timestamp": "2025/8/3-09:33:42.52",
  "method": "GET",
  "url": "/favicon.ico",
  "status": 304,
  "duration": "0ms",
  "ip": "::ffff:172.18.0.1",
  "userAgent": "Mozilla/5.0 (Windows NT 10.0; Win64; x64) AppleWebKit/537.36 (KHTML, like Gecko) Chrome/138.0.0.0 Safari/537.36"
}
2025/8/3-09:33:47.43 [info]: {
  "event": "REQUEST_END",
  "timestamp": "2025/8/3-09:33:47.43",
  "method": "GET",
  "url": "/api/health",
  "status": 200,
  "duration": "2ms",
  "ip": "::1",
  "userAgent": "curl/8.14.1"
}
2025/8/3-09:34:50.32 [info]: {
  "event": "REQUEST_END",
  "timestamp": "2025/8/3-09:34:50.32",
  "method": "GET",
  "url": "/api/health",
  "status": 200,
  "duration": "2ms",
  "ip": "::1",
  "userAgent": "curl/8.14.1"
}
2025/8/3-09:35:34.68 [info]: {
  "event": "REQUEST_END",
  "timestamp": "2025/8/3-09:35:34.68",
  "method": "GET",
  "url": "/api/",
  "status": 200,
  "duration": "2ms",
  "ip": "::ffff:172.18.0.1",
  "userAgent": "Mozilla/5.0 (Windows NT 10.0; Win64; x64) AppleWebKit/537.36 (KHTML, like Gecko) Chrome/138.0.0.0 Safari/537.36"
}
2025/8/3-09:35:34.70 [info]: {
  "event": "REQUEST_END",
  "timestamp": "2025/8/3-09:35:34.70",
  "method": "GET",
  "url": "/favicon.ico",
  "status": 304,
  "duration": "1ms",
  "ip": "::ffff:172.18.0.1",
  "userAgent": "Mozilla/5.0 (Windows NT 10.0; Win64; x64) AppleWebKit/537.36 (KHTML, like Gecko) Chrome/138.0.0.0 Safari/537.36"
}
2025/8/3-09:35:36.21 [info]: {
  "event": "REQUEST_END",
  "timestamp": "2025/8/3-09:35:36.21",
  "method": "GET",
  "url": "/api/",
  "status": 304,
  "duration": "1ms",
  "ip": "::ffff:172.18.0.1",
  "userAgent": "Mozilla/5.0 (Windows NT 10.0; Win64; x64) AppleWebKit/537.36 (KHTML, like Gecko) Chrome/138.0.0.0 Safari/537.36"
}
2025/8/3-09:35:36.22 [info]: {
  "event": "REQUEST_END",
  "timestamp": "2025/8/3-09:35:36.22",
  "method": "GET",
  "url": "/favicon.ico",
  "status": 304,
  "duration": "1ms",
  "ip": "::ffff:172.18.0.1",
  "userAgent": "Mozilla/5.0 (Windows NT 10.0; Win64; x64) AppleWebKit/537.36 (KHTML, like Gecko) Chrome/138.0.0.0 Safari/537.36"
}
2025/8/3-09:35:50.84 [info]: {
  "event": "REQUEST_END",
  "timestamp": "2025/8/3-09:35:50.82",
  "method": "GET",
  "url": "/api/config",
  "status": 200,
  "duration": "23ms",
  "ip": "::ffff:172.18.0.1",
  "userAgent": "Mozilla/5.0 (Windows NT 10.0; Win64; x64) AppleWebKit/537.36 (KHTML, like Gecko) Chrome/138.0.0.0 Safari/537.36"
}
2025/8/3-09:35:50.92 [info]: {
  "event": "REQUEST_END",
  "timestamp": "2025/8/3-09:35:50.92",
  "method": "GET",
  "url": "/favicon.ico",
  "status": 304,
  "duration": "1ms",
  "ip": "::ffff:172.18.0.1",
  "userAgent": "Mozilla/5.0 (Windows NT 10.0; Win64; x64) AppleWebKit/537.36 (KHTML, like Gecko) Chrome/138.0.0.0 Safari/537.36"
}
2025/8/3-09:35:53.24 [info]: {
  "event": "REQUEST_END",
  "timestamp": "2025/8/3-09:35:53.24",
  "method": "GET",
  "url": "/api/health",
  "status": 200,
  "duration": "2ms",
  "ip": "::1",
  "userAgent": "curl/8.14.1"
}
2025/8/3-09:36:56.13 [info]: {
  "event": "REQUEST_END",
  "timestamp": "2025/8/3-09:36:56.13",
  "method": "GET",
  "url": "/api/health",
  "status": 200,
  "duration": "3ms",
  "ip": "::1",
  "userAgent": "curl/8.14.1"
}
2025/8/3-09:37:59.04 [info]: {
  "event": "REQUEST_END",
  "timestamp": "2025/8/3-09:37:59.04",
  "method": "GET",
  "url": "/api/health",
  "status": 200,
  "duration": "3ms",
  "ip": "::1",
  "userAgent": "curl/8.14.1"
}
2025/8/3-09:39:02.00 [info]: {
  "event": "REQUEST_END",
  "timestamp": "2025/8/3-09:39:02.00",
  "method": "GET",
  "url": "/api/health",
  "status": 200,
  "duration": "2ms",
  "ip": "::1",
  "userAgent": "curl/8.14.1"
}
2025/8/3-09:39:40.99 [info]: {
  "event": "REQUEST_END",
  "timestamp": "2025/8/3-09:39:40.98",
  "method": "GET",
  "url": "/api/config",
  "status": 200,
  "duration": "8ms",
  "ip": "::1",
  "userAgent": "curl/8.14.1"
}
2025/8/3-09:40:04.89 [info]: {
  "event": "REQUEST_END",
  "timestamp": "2025/8/3-09:40:04.89",
  "method": "GET",
  "url": "/api/health",
  "status": 200,
  "duration": "3ms",
  "ip": "::1",
  "userAgent": "curl/8.14.1"
}
2025/8/3-09:41:07.78 [info]: {
  "event": "REQUEST_END",
  "timestamp": "2025/8/3-09:41:07.77",
  "method": "GET",
  "url": "/api/health",
  "status": 200,
  "duration": "3ms",
  "ip": "::1",
  "userAgent": "curl/8.14.1"
}
2025/8/3-09:41:12.42 [info]: {
  "event": "REQUEST_END",
  "timestamp": "2025/8/3-09:41:12.41",
  "method": "GET",
  "url": "/api/config",
  "status": 200,
  "duration": "4ms",
  "ip": "::ffff:172.18.0.5",
  "userAgent": "Mozilla/5.0 (Windows NT; Windows NT 10.0; zh-CN) WindowsPowerShell/5.1.26100.4652"
}
2025/8/3-09:41:23.84 [info]: {
  "event": "REQUEST_END",
  "timestamp": "2025/8/3-09:41:23.84",
  "method": "GET",
  "url": "/api/config",
  "status": 200,
  "duration": "4ms",
  "ip": "::ffff:172.18.0.5",
  "userAgent": "Mozilla/5.0 (Windows NT 10.0; Win64; x64) AppleWebKit/537.36 (KHTML, like Gecko) Chrome/138.0.0.0 Safari/537.36"
}
2025/8/3-09:41:24.34 [info]: {
  "event": "REQUEST_END",
  "timestamp": "2025/8/3-09:41:24.31",
  "method": "GET",
  "url": "/api/typewriter-texts",
  "status": 200,
  "duration": "33ms",
  "ip": "::ffff:172.18.0.5",
  "userAgent": "Mozilla/5.0 (Windows NT 10.0; Win64; x64) AppleWebKit/537.36 (KHTML, like Gecko) Chrome/138.0.0.0 Safari/537.36"
}
2025/8/3-09:41:24.35 [info]: {
  "event": "REQUEST_END",
  "timestamp": "2025/8/3-09:41:24.31",
  "method": "GET",
  "url": "/api/blogs?page=1&limit=2",
  "status": 200,
  "duration": "36ms",
  "ip": "::ffff:172.18.0.5",
  "userAgent": "Mozilla/5.0 (Windows NT 10.0; Win64; x64) AppleWebKit/537.36 (KHTML, like Gecko) Chrome/138.0.0.0 Safari/537.36"
}
2025/8/3-09:41:24.35 [info]: {
  "event": "REQUEST_END",
  "timestamp": "2025/8/3-09:41:24.32",
  "method": "GET",
  "url": "/api/projects?limit=6&featured=true",
  "status": 200,
  "duration": "33ms",
  "ip": "::ffff:172.18.0.5",
  "userAgent": "Mozilla/5.0 (Windows NT 10.0; Win64; x64) AppleWebKit/537.36 (KHTML, like Gecko) Chrome/138.0.0.0 Safari/537.36"
}
2025/8/3-09:41:24.35 [info]: {
  "event": "REQUEST_END",
  "timestamp": "2025/8/3-09:41:24.32",
  "method": "GET",
  "url": "/api/tech-stack",
  "status": 200,
  "duration": "29ms",
  "ip": "::ffff:172.18.0.5",
  "userAgent": "Mozilla/5.0 (Windows NT 10.0; Win64; x64) AppleWebKit/537.36 (KHTML, like Gecko) Chrome/138.0.0.0 Safari/537.36"
}
2025/8/3-09:42:10.80 [info]: {
  "event": "REQUEST_END",
  "timestamp": "2025/8/3-09:42:10.80",
  "method": "GET",
  "url": "/api/health",
  "status": 200,
  "duration": "2ms",
  "ip": "::1",
  "userAgent": "curl/8.14.1"
}
2025/8/3-09:42:37.61 [info]: {
  "event": "REQUEST_END",
  "timestamp": "2025/8/3-09:42:37.59",
  "method": "GET",
  "url": "/api/projects?limit=6&featured=true",
  "status": 200,
  "duration": "18ms",
  "ip": "::ffff:172.18.0.5",
  "userAgent": "Mozilla/5.0 (Windows NT 10.0; Win64; x64) AppleWebKit/537.36 (KHTML, like Gecko) Chrome/138.0.0.0 Safari/537.36"
}
2025/8/3-09:42:37.61 [info]: {
  "event": "REQUEST_END",
  "timestamp": "2025/8/3-09:42:37.60",
  "method": "GET",
  "url": "/api/tech-stack",
  "status": 200,
  "duration": "15ms",
  "ip": "::ffff:172.18.0.5",
  "userAgent": "Mozilla/5.0 (Windows NT 10.0; Win64; x64) AppleWebKit/537.36 (KHTML, like Gecko) Chrome/138.0.0.0 Safari/537.36"
}
2025/8/3-09:42:37.61 [info]: {
  "event": "REQUEST_END",
  "timestamp": "2025/8/3-09:42:37.59",
  "method": "GET",
  "url": "/api/blogs?page=1&limit=2",
  "status": 200,
  "duration": "17ms",
  "ip": "::ffff:172.18.0.5",
  "userAgent": "Mozilla/5.0 (Windows NT 10.0; Win64; x64) AppleWebKit/537.36 (KHTML, like Gecko) Chrome/138.0.0.0 Safari/537.36"
}
2025/8/3-09:42:37.61 [info]: {
  "event": "REQUEST_END",
  "timestamp": "2025/8/3-09:42:37.59",
  "method": "GET",
  "url": "/api/typewriter-texts",
  "status": 304,
  "duration": "22ms",
  "ip": "::ffff:172.18.0.5",
  "userAgent": "Mozilla/5.0 (Windows NT 10.0; Win64; x64) AppleWebKit/537.36 (KHTML, like Gecko) Chrome/138.0.0.0 Safari/537.36"
}
2025/8/3-09:42:39.59 [info]: {
  "event": "REQUEST_END",
  "timestamp": "2025/8/3-09:42:39.55",
  "method": "GET",
  "url": "/api/auth/captcha",
  "status": 200,
  "duration": "33ms",
  "ip": "::ffff:172.18.0.5",
  "userAgent": "Mozilla/5.0 (Windows NT 10.0; Win64; x64) AppleWebKit/537.36 (KHTML, like Gecko) Chrome/138.0.0.0 Safari/537.36"
}
2025/8/3-09:43:03.75 [info]: {
  "event": "REQUEST_END",
  "timestamp": "2025/8/3-09:43:03.73",
  "method": "POST",
  "url": "/api/auth/login",
  "status": 200,
  "duration": "16ms",
  "ip": "::ffff:172.18.0.5",
  "userAgent": "Mozilla/5.0 (Windows NT 10.0; Win64; x64) AppleWebKit/537.36 (KHTML, like Gecko) Chrome/138.0.0.0 Safari/537.36"
}
2025/8/3-09:43:03.77 [info]: {
  "event": "REQUEST_END",
  "timestamp": "2025/8/3-09:43:03.77",
  "method": "GET",
  "url": "/api/auth/captcha",
  "status": 200,
  "duration": "5ms",
  "ip": "::ffff:172.18.0.5",
  "userAgent": "Mozilla/5.0 (Windows NT 10.0; Win64; x64) AppleWebKit/537.36 (KHTML, like Gecko) Chrome/138.0.0.0 Safari/537.36"
}
2025/8/3-09:43:11.41 [info]: {
  "event": "REQUEST_END",
  "timestamp": "2025/8/3-09:43:11.41",
  "method": "GET",
  "url": "/api/auth/captcha",
  "status": 200,
  "duration": "6ms",
  "ip": "::ffff:172.18.0.5",
  "userAgent": "Mozilla/5.0 (Windows NT 10.0; Win64; x64) AppleWebKit/537.36 (KHTML, like Gecko) Chrome/138.0.0.0 Safari/537.36"
}
2025/8/3-09:43:13.69 [info]: {
  "event": "REQUEST_END",
  "timestamp": "2025/8/3-09:43:13.69",
  "method": "GET",
  "url": "/api/health",
  "status": 200,
  "duration": "2ms",
  "ip": "::1",
  "userAgent": "curl/8.14.1"
}
2025/8/3-09:43:33.19 [warn]: {
  "event": "REQUEST_END",
  "timestamp": "2025/8/3-09:43:28.91",
  "method": "POST",
  "url": "/api/auth/send-email-code",
  "status": 400,
  "duration": "4279ms",
  "ip": "::ffff:172.18.0.5",
  "userAgent": "Mozilla/5.0 (Windows NT 10.0; Win64; x64) AppleWebKit/537.36 (KHTML, like Gecko) Chrome/138.0.0.0 Safari/537.36"
}
2025/8/3-09:43:33.22 [info]: {
  "event": "REQUEST_END",
  "timestamp": "2025/8/3-09:43:33.21",
  "method": "GET",
  "url": "/api/auth/captcha",
  "status": 200,
  "duration": "8ms",
  "ip": "::ffff:172.18.0.5",
  "userAgent": "Mozilla/5.0 (Windows NT 10.0; Win64; x64) AppleWebKit/537.36 (KHTML, like Gecko) Chrome/138.0.0.0 Safari/537.36"
}
2025/8/3-09:45:15.23 [info]: {
  "event": "REQUEST_END",
  "timestamp": "2025/8/3-09:45:15.21",
  "method": "GET",
  "url": "/api/health",
  "status": 200,
  "duration": "21ms",
  "ip": "::1",
  "userAgent": "curl/8.14.1"
}
2025/8/3-09:59:59.67 [info]: {
  "event": "REQUEST_END",
  "timestamp": "2025/8/3-09:59:59.64",
  "method": "GET",
  "url": "/api/health",
  "status": 200,
  "duration": "30ms",
  "ip": "::1",
  "userAgent": "curl/8.14.1"
}
2025/8/3-10:00:24.39 [info]: {
  "event": "REQUEST_END",
  "timestamp": "2025/8/3-10:00:24.39",
  "method": "GET",
  "url": "/api/health",
  "status": 200,
  "duration": "2ms",
  "ip": "::ffff:172.18.0.1",
  "userAgent": "curl/8.13.0"
}
