2025/8/6-10:44:22.75 [error]: uncaughtException: Missing parameter name at 1: https://git.new/pathToRegexpError
TypeError: Missing parameter name at 1: https://git.new/pathToRegexpError
    at name (D:\code\SyntaxSeed-Blog\server\node_modules\.pnpm\path-to-regexp@8.2.0\node_modules\path-to-regexp\dist\index.js:73:19)
    at lexer (D:\code\SyntaxSeed-Blog\server\node_modules\.pnpm\path-to-regexp@8.2.0\node_modules\path-to-regexp\dist\index.js:91:27)
    at lexer.next (<anonymous>)
    at Iter.peek (D:\code\SyntaxSeed-Blog\server\node_modules\.pnpm\path-to-regexp@8.2.0\node_modules\path-to-regexp\dist\index.js:106:38)
    at Iter.tryConsume (D:\code\SyntaxSeed-Blog\server\node_modules\.pnpm\path-to-regexp@8.2.0\node_modules\path-to-regexp\dist\index.js:112:28)
    at Iter.text (D:\code\SyntaxSeed-Blog\server\node_modules\.pnpm\path-to-regexp@8.2.0\node_modules\path-to-regexp\dist\index.js:128:30)
    at consume (D:\code\SyntaxSeed-Blog\server\node_modules\.pnpm\path-to-regexp@8.2.0\node_modules\path-to-regexp\dist\index.js:152:29)
    at parse (D:\code\SyntaxSeed-Blog\server\node_modules\.pnpm\path-to-regexp@8.2.0\node_modules\path-to-regexp\dist\index.js:183:20)
    at D:\code\SyntaxSeed-Blog\server\node_modules\.pnpm\path-to-regexp@8.2.0\node_modules\path-to-regexp\dist\index.js:294:74
    at Array.map (<anonymous>)
{
  "error": {},
  "stack": "TypeError: Missing parameter name at 1: https://git.new/pathToRegexpError\n    at name (D:\\code\\SyntaxSeed-Blog\\server\\node_modules\\.pnpm\\path-to-regexp@8.2.0\\node_modules\\path-to-regexp\\dist\\index.js:73:19)\n    at lexer (D:\\code\\SyntaxSeed-Blog\\server\\node_modules\\.pnpm\\path-to-regexp@8.2.0\\node_modules\\path-to-regexp\\dist\\index.js:91:27)\n    at lexer.next (<anonymous>)\n    at Iter.peek (D:\\code\\SyntaxSeed-Blog\\server\\node_modules\\.pnpm\\path-to-regexp@8.2.0\\node_modules\\path-to-regexp\\dist\\index.js:106:38)\n    at Iter.tryConsume (D:\\code\\SyntaxSeed-Blog\\server\\node_modules\\.pnpm\\path-to-regexp@8.2.0\\node_modules\\path-to-regexp\\dist\\index.js:112:28)\n    at Iter.text (D:\\code\\SyntaxSeed-Blog\\server\\node_modules\\.pnpm\\path-to-regexp@8.2.0\\node_modules\\path-to-regexp\\dist\\index.js:128:30)\n    at consume (D:\\code\\SyntaxSeed-Blog\\server\\node_modules\\.pnpm\\path-to-regexp@8.2.0\\node_modules\\path-to-regexp\\dist\\index.js:152:29)\n    at parse (D:\\code\\SyntaxSeed-Blog\\server\\node_modules\\.pnpm\\path-to-regexp@8.2.0\\node_modules\\path-to-regexp\\dist\\index.js:183:20)\n    at D:\\code\\SyntaxSeed-Blog\\server\\node_modules\\.pnpm\\path-to-regexp@8.2.0\\node_modules\\path-to-regexp\\dist\\index.js:294:74\n    at Array.map (<anonymous>)",
  "exception": true,
  "date": "Wed Aug 06 2025 10:44:22 GMT+0800 (中国标准时间)",
  "process": {
    "pid": 40664,
    "uid": null,
    "gid": null,
    "cwd": "D:\\code\\SyntaxSeed-Blog\\server",
    "execPath": "C:\\nvm4w\\nodejs\\node.exe",
    "version": "v22.17.0",
    "argv": [
      "C:\\nvm4w\\nodejs\\node.exe",
      "D:\\code\\SyntaxSeed-Blog\\server\\index.js"
    ],
    "memoryUsage": {
      "rss": 78651392,
      "heapTotal": 52695040,
      "heapUsed": 27989056,
      "external": 2572285,
      "arrayBuffers": 214159
    }
  },
  "os": {
    "loadavg": [
      0,
      0,
      0
    ],
    "uptime": 417395.609
  },
  "trace": [
    {
      "column": 19,
      "file": "D:\\code\\SyntaxSeed-Blog\\server\\node_modules\\.pnpm\\path-to-regexp@8.2.0\\node_modules\\path-to-regexp\\dist\\index.js",
      "function": "name",
      "line": 73,
      "method": null,
      "native": false
    },
    {
      "column": 27,
      "file": "D:\\code\\SyntaxSeed-Blog\\server\\node_modules\\.pnpm\\path-to-regexp@8.2.0\\node_modules\\path-to-regexp\\dist\\index.js",
      "function": "lexer",
      "line": 91,
      "method": null,
      "native": false
    },
    {
      "column": null,
      "file": null,
      "function": "lexer.next",
      "line": null,
      "method": "next",
      "native": false
    },
    {
      "column": 38,
      "file": "D:\\code\\SyntaxSeed-Blog\\server\\node_modules\\.pnpm\\path-to-regexp@8.2.0\\node_modules\\path-to-regexp\\dist\\index.js",
      "function": "Iter.peek",
      "line": 106,
      "method": "peek",
      "native": false
    },
    {
      "column": 28,
      "file": "D:\\code\\SyntaxSeed-Blog\\server\\node_modules\\.pnpm\\path-to-regexp@8.2.0\\node_modules\\path-to-regexp\\dist\\index.js",
      "function": "Iter.tryConsume",
      "line": 112,
      "method": "tryConsume",
      "native": false
    },
    {
      "column": 30,
      "file": "D:\\code\\SyntaxSeed-Blog\\server\\node_modules\\.pnpm\\path-to-regexp@8.2.0\\node_modules\\path-to-regexp\\dist\\index.js",
      "function": "Iter.text",
      "line": 128,
      "method": "text",
      "native": false
    },
    {
      "column": 29,
      "file": "D:\\code\\SyntaxSeed-Blog\\server\\node_modules\\.pnpm\\path-to-regexp@8.2.0\\node_modules\\path-to-regexp\\dist\\index.js",
      "function": "consume",
      "line": 152,
      "method": null,
      "native": false
    },
    {
      "column": 20,
      "file": "D:\\code\\SyntaxSeed-Blog\\server\\node_modules\\.pnpm\\path-to-regexp@8.2.0\\node_modules\\path-to-regexp\\dist\\index.js",
      "function": "parse",
      "line": 183,
      "method": null,
      "native": false
    },
    {
      "column": 74,
      "file": "D:\\code\\SyntaxSeed-Blog\\server\\node_modules\\.pnpm\\path-to-regexp@8.2.0\\node_modules\\path-to-regexp\\dist\\index.js",
      "function": null,
      "line": 294,
      "method": null,
      "native": false
    },
    {
      "column": null,
      "file": null,
      "function": "Array.map",
      "line": null,
      "method": "map",
      "native": false
    }
  ]
}
2025/8/6-10:45:34.41 [error]: uncaughtException: Cannot access 'site' before initialization
ReferenceError: Cannot access 'site' before initialization
    at Object.<anonymous> (D:\code\SyntaxSeed-Blog\server\index.js:266:25)
    at Module._compile (node:internal/modules/cjs/loader:1730:14)
    at Object..js (node:internal/modules/cjs/loader:1895:10)
    at Module.load (node:internal/modules/cjs/loader:1465:32)
    at Function._load (node:internal/modules/cjs/loader:1282:12)
    at TracingChannel.traceSync (node:diagnostics_channel:322:14)
    at wrapModuleLoad (node:internal/modules/cjs/loader:235:24)
    at Function.executeUserEntryPoint [as runMain] (node:internal/modules/run_main:171:5)
    at node:internal/main/run_main_module:36:49
{
  "error": {},
  "stack": "ReferenceError: Cannot access 'site' before initialization\n    at Object.<anonymous> (D:\\code\\SyntaxSeed-Blog\\server\\index.js:266:25)\n    at Module._compile (node:internal/modules/cjs/loader:1730:14)\n    at Object..js (node:internal/modules/cjs/loader:1895:10)\n    at Module.load (node:internal/modules/cjs/loader:1465:32)\n    at Function._load (node:internal/modules/cjs/loader:1282:12)\n    at TracingChannel.traceSync (node:diagnostics_channel:322:14)\n    at wrapModuleLoad (node:internal/modules/cjs/loader:235:24)\n    at Function.executeUserEntryPoint [as runMain] (node:internal/modules/run_main:171:5)\n    at node:internal/main/run_main_module:36:49",
  "exception": true,
  "date": "Wed Aug 06 2025 10:45:34 GMT+0800 (中国标准时间)",
  "process": {
    "pid": 25984,
    "uid": null,
    "gid": null,
    "cwd": "D:\\code\\SyntaxSeed-Blog\\server",
    "execPath": "C:\\nvm4w\\nodejs\\node.exe",
    "version": "v22.17.0",
    "argv": [
      "C:\\nvm4w\\nodejs\\node.exe",
      "D:\\code\\SyntaxSeed-Blog\\server\\index.js"
    ],
    "memoryUsage": {
      "rss": 78667776,
      "heapTotal": 52695040,
      "heapUsed": 27070712,
      "external": 2453397,
      "arrayBuffers": 214189
    }
  },
  "os": {
    "loadavg": [
      0,
      0,
      0
    ],
    "uptime": 417467.281
  },
  "trace": [
    {
      "column": 25,
      "file": "D:\\code\\SyntaxSeed-Blog\\server\\index.js",
      "function": null,
      "line": 266,
      "method": null,
      "native": false
    },
    {
      "column": 14,
      "file": "node:internal/modules/cjs/loader",
      "function": "Module._compile",
      "line": 1730,
      "method": "_compile",
      "native": false
    },
    {
      "column": 10,
      "file": "node:internal/modules/cjs/loader",
      "function": "Object..js",
      "line": 1895,
      "method": ".js",
      "native": false
    },
    {
      "column": 32,
      "file": "node:internal/modules/cjs/loader",
      "function": "Module.load",
      "line": 1465,
      "method": "load",
      "native": false
    },
    {
      "column": 12,
      "file": "node:internal/modules/cjs/loader",
      "function": "Function._load",
      "line": 1282,
      "method": "_load",
      "native": false
    },
    {
      "column": 14,
      "file": "node:diagnostics_channel",
      "function": "TracingChannel.traceSync",
      "line": 322,
      "method": "traceSync",
      "native": false
    },
    {
      "column": 24,
      "file": "node:internal/modules/cjs/loader",
      "function": "wrapModuleLoad",
      "line": 235,
      "method": null,
      "native": false
    },
    {
      "column": 5,
      "file": "node:internal/modules/run_main",
      "function": "Function.executeUserEntryPoint [as runMain]",
      "line": 171,
      "method": "executeUserEntryPoint [as runMain]",
      "native": false
    },
    {
      "column": 49,
      "file": "node:internal/main/run_main_module",
      "function": null,
      "line": 36,
      "method": null,
      "native": false
    }
  ]
}
2025/8/6-10:45:44.90 [error]: uncaughtException: Cannot access 'site' before initialization
ReferenceError: Cannot access 'site' before initialization
    at Object.<anonymous> (D:\code\SyntaxSeed-Blog\server\index.js:266:25)
    at Module._compile (node:internal/modules/cjs/loader:1730:14)
    at Object..js (node:internal/modules/cjs/loader:1895:10)
    at Module.load (node:internal/modules/cjs/loader:1465:32)
    at Function._load (node:internal/modules/cjs/loader:1282:12)
    at TracingChannel.traceSync (node:diagnostics_channel:322:14)
    at wrapModuleLoad (node:internal/modules/cjs/loader:235:24)
    at Function.executeUserEntryPoint [as runMain] (node:internal/modules/run_main:171:5)
    at node:internal/main/run_main_module:36:49
{
  "error": {},
  "stack": "ReferenceError: Cannot access 'site' before initialization\n    at Object.<anonymous> (D:\\code\\SyntaxSeed-Blog\\server\\index.js:266:25)\n    at Module._compile (node:internal/modules/cjs/loader:1730:14)\n    at Object..js (node:internal/modules/cjs/loader:1895:10)\n    at Module.load (node:internal/modules/cjs/loader:1465:32)\n    at Function._load (node:internal/modules/cjs/loader:1282:12)\n    at TracingChannel.traceSync (node:diagnostics_channel:322:14)\n    at wrapModuleLoad (node:internal/modules/cjs/loader:235:24)\n    at Function.executeUserEntryPoint [as runMain] (node:internal/modules/run_main:171:5)\n    at node:internal/main/run_main_module:36:49",
  "exception": true,
  "date": "Wed Aug 06 2025 10:45:44 GMT+0800 (中国标准时间)",
  "process": {
    "pid": 9820,
    "uid": null,
    "gid": null,
    "cwd": "D:\\code\\SyntaxSeed-Blog\\server",
    "execPath": "C:\\nvm4w\\nodejs\\node.exe",
    "version": "v22.17.0",
    "argv": [
      "C:\\nvm4w\\nodejs\\node.exe",
      "D:\\code\\SyntaxSeed-Blog\\server\\index.js"
    ],
    "memoryUsage": {
      "rss": 78901248,
      "heapTotal": 53219328,
      "heapUsed": 26913328,
      "external": 2453111,
      "arrayBuffers": 213903
    }
  },
  "os": {
    "loadavg": [
      0,
      0,
      0
    ],
    "uptime": 417477.765
  },
  "trace": [
    {
      "column": 25,
      "file": "D:\\code\\SyntaxSeed-Blog\\server\\index.js",
      "function": null,
      "line": 266,
      "method": null,
      "native": false
    },
    {
      "column": 14,
      "file": "node:internal/modules/cjs/loader",
      "function": "Module._compile",
      "line": 1730,
      "method": "_compile",
      "native": false
    },
    {
      "column": 10,
      "file": "node:internal/modules/cjs/loader",
      "function": "Object..js",
      "line": 1895,
      "method": ".js",
      "native": false
    },
    {
      "column": 32,
      "file": "node:internal/modules/cjs/loader",
      "function": "Module.load",
      "line": 1465,
      "method": "load",
      "native": false
    },
    {
      "column": 12,
      "file": "node:internal/modules/cjs/loader",
      "function": "Function._load",
      "line": 1282,
      "method": "_load",
      "native": false
    },
    {
      "column": 14,
      "file": "node:diagnostics_channel",
      "function": "TracingChannel.traceSync",
      "line": 322,
      "method": "traceSync",
      "native": false
    },
    {
      "column": 24,
      "file": "node:internal/modules/cjs/loader",
      "function": "wrapModuleLoad",
      "line": 235,
      "method": null,
      "native": false
    },
    {
      "column": 5,
      "file": "node:internal/modules/run_main",
      "function": "Function.executeUserEntryPoint [as runMain]",
      "line": 171,
      "method": "executeUserEntryPoint [as runMain]",
      "native": false
    },
    {
      "column": 49,
      "file": "node:internal/main/run_main_module",
      "function": null,
      "line": 36,
      "method": null,
      "native": false
    }
  ]
}
